Making phase for LINUX...
make phase   
make[1]: Entering directory `/home/pss060/sls/flechsig/phase/src/phase'
gcc -v  -o phase  phase.o phasec.o activate_proc.o phasegraf.o initdatset.o geometrypck.o bline.o mirrorpck.o pst.o cutils.o rtrace.o  phasegraffor.o phasefor.o phase_source.o phase_integration.o  -L/usr/X11R6/lib -lXm -lMrm -lXt -lXext -lXp -lX11 -lm -lc -lnsl /usr/local/phase/lib/phaselib.a -L/usr/absoft/lib -lf77math -lfio -lU77 -lV77 -lf77math -L/usr/local/cern/pro/lib -lpawlib -lpacklib -lgraflib -lgrafX11 -lpacklib -lmathlib -lkernlib  
Reading specs from /usr/lib/gcc-lib/i386-redhat-linux/egcs-2.91.66/specs
gcc version egcs-2.91.66 19990314/Linux (egcs-1.1.2 release)
 /usr/lib/gcc-lib/i386-redhat-linux/egcs-2.91.66/collect2 -m elf_i386 -dynamic-linker /lib/ld-linux.so.2 -o phase /usr/lib/crt1.o /usr/lib/crti.o /usr/lib/gcc-lib/i386-redhat-linux/egcs-2.91.66/crtbegin.o -L/usr/X11R6/lib -L/usr/absoft/lib -L/usr/local/cern/pro/lib -L/usr/lib/gcc-lib/i386-redhat-linux/egcs-2.91.66 -L/usr/i386-redhat-linux/lib phase.o phasec.o activate_proc.o phasegraf.o initdatset.o geometrypck.o bline.o mirrorpck.o pst.o cutils.o rtrace.o phasegraffor.o phasefor.o phase_source.o phase_integration.o -lXm -lMrm -lXt -lXext -lXp -lX11 -lm -lc -lnsl /usr/local/phase/lib/phaselib.a -lf77math -lfio -lU77 -lV77 -lf77math -lpawlib -lpacklib -lgraflib -lgrafX11 -lpacklib -lmathlib -lkernlib -lgcc -lc -lgcc /usr/lib/gcc-lib/i386-redhat-linux/egcs-2.91.66/crtend.o /usr/lib/crtn.o
/usr/local/cern/pro/lib/libpacklib.a(hbtit.o): In function `hbtit_':
hbtit.o(.text+0x26): undefined reference to `s_cmp'
/usr/local/cern/pro/lib/libpacklib.a(hbug.o): In function `hbug_':
hbug.o(.text+0x9b): undefined reference to `s_cat'
hbug.o(.text+0x108): undefined reference to `s_cat'
hbug.o(.text+0x146): undefined reference to `s_copy'
hbug.o(.text+0x173): undefined reference to `s_wsfi'
hbug.o(.text+0x180): undefined reference to `do_fio'
hbug.o(.text+0x188): undefined reference to `e_wsfi'
hbug.o(.text+0x1a3): undefined reference to `s_wsfe'
hbug.o(.text+0x1b8): undefined reference to `do_fio'
hbug.o(.text+0x1bd): undefined reference to `e_wsfe'
/usr/local/cern/pro/lib/libpacklib.a(hf1aut.o): In function `hf1aut_':
hf1aut.o(.text+0x231): undefined reference to `r_mod'
hf1aut.o(.text+0x2bc): undefined reference to `r_mod'
hf1aut.o(.text+0x37e): undefined reference to `r_mod'
/usr/local/cern/pro/lib/libpacklib.a(hlimit.o): In function `hlimit_':
hlimit.o(.text+0x288): undefined reference to `s_copy'
hlimit.o(.text+0x2a5): undefined reference to `s_copy'
hlimit.o(.text+0x2bb): undefined reference to `s_copy'
/usr/local/cern/pro/lib/libpacklib.a(hmachi.o): In function `hmachi_':
hmachi.o(.text+0x69): undefined reference to `s_copy'
hmachi.o(.text+0x76): undefined reference to `s_wsfi'
hmachi.o(.text+0x87): undefined reference to `do_fio'
hmachi.o(.text+0x8c): undefined reference to `e_wsfi'
hmachi.o(.text+0xa7): undefined reference to `s_wsfi'
hmachi.o(.text+0xb8): undefined reference to `do_fio'
hmachi.o(.text+0xc0): undefined reference to `e_wsfi'
hmachi.o(.text+0xdb): undefined reference to `s_wsfi'
hmachi.o(.text+0xec): undefined reference to `do_fio'
hmachi.o(.text+0xf1): undefined reference to `e_wsfi'
/usr/local/cern/pro/lib/libpacklib.a(mzdrop.o): In function `mzdrop_':
mzdrop.o(.text+0x109): undefined reference to `s_wsfe'
mzdrop.o(.text+0x11a): undefined reference to `do_fio'
mzdrop.o(.text+0x12b): undefined reference to `do_fio'
mzdrop.o(.text+0x13c): undefined reference to `do_fio'
mzdrop.o(.text+0x14e): undefined reference to `do_fio'
mzdrop.o(.text+0x153): undefined reference to `e_wsfe'
/usr/local/cern/pro/lib/libpacklib.a(mzebra.o): In function `mzebra_':
mzebra.o(.text+0x1a): undefined reference to `s_wsfi'
mzebra.o(.text+0x2b): undefined reference to `do_fio'
mzebra.o(.text+0x30): undefined reference to `e_wsfi'
mzebra.o(.text+0x73): undefined reference to `s_cat'
/usr/local/cern/pro/lib/libpacklib.a(mzinco.o): In function `mzinco_':
mzinco.o(.text+0xa9): undefined reference to `s_copy'
mzinco.o(.text+0xbf): undefined reference to `s_copy'
mzinco.o(.text+0xd2): undefined reference to `s_copy'
mzinco.o(.text+0xe8): undefined reference to `s_copy'
/usr/local/cern/pro/lib/libpacklib.a(mzlift.o): In function `mzlift_':
mzlift.o(.text+0xb72): undefined reference to `s_wsfe'
mzlift.o(.text+0xb83): undefined reference to `do_fio'
mzlift.o(.text+0xb94): undefined reference to `do_fio'
mzlift.o(.text+0xba5): undefined reference to `do_fio'
mzlift.o(.text+0xbb9): undefined reference to `do_fio'
mzlift.o(.text+0xbca): undefined reference to `do_fio'
/usr/local/cern/pro/lib/libpacklib.a(mzlift.o)(.text+0xbdb): more undefined references to `do_fio' follow
/usr/local/cern/pro/lib/libpacklib.a(mzlift.o): In function `mzlift_':
mzlift.o(.text+0xc19): undefined reference to `e_wsfe'
/usr/local/cern/pro/lib/libpacklib.a(mzlink.o): In function `mzlink_':
mzlink.o(.text+0x287): undefined reference to `s_wsfe'
mzlink.o(.text+0x298): undefined reference to `do_fio'
mzlink.o(.text+0x2a9): undefined reference to `do_fio'
mzlink.o(.text+0x2ba): undefined reference to `do_fio'
mzlink.o(.text+0x2ce): undefined reference to `do_fio'
mzlink.o(.text+0x2d3): undefined reference to `e_wsfe'
/usr/local/cern/pro/lib/libpacklib.a(mzneed.o): In function `mzneed_':
mzneed.o(.text+0x13d): undefined reference to `s_wsfe'
mzneed.o(.text+0x14e): undefined reference to `do_fio'
mzneed.o(.text+0x15f): undefined reference to `do_fio'
mzneed.o(.text+0x170): undefined reference to `do_fio'
mzneed.o(.text+0x184): undefined reference to `do_fio'
mzneed.o(.text+0x193): undefined reference to `do_fio'
mzneed.o(.text+0x198): undefined reference to `e_wsfe'
/usr/local/cern/pro/lib/libpacklib.a(mzpush.o): In function `mzpush_':
mzpush.o(.text+0x1c5): undefined reference to `s_wsfe'
mzpush.o(.text+0x1d6): undefined reference to `do_fio'
mzpush.o(.text+0x1e7): undefined reference to `do_fio'
mzpush.o(.text+0x1f8): undefined reference to `do_fio'
mzpush.o(.text+0x20c): undefined reference to `do_fio'
mzpush.o(.text+0x21d): undefined reference to `do_fio'
/usr/local/cern/pro/lib/libpacklib.a(mzpush.o)(.text+0x22e): more undefined references to `do_fio' follow
/usr/local/cern/pro/lib/libpacklib.a(mzpush.o): In function `mzpush_':
mzpush.o(.text+0x245): undefined reference to `e_wsfe'
mzpush.o(.text+0xd07): undefined reference to `s_wsfe'
mzpush.o(.text+0xd18): undefined reference to `do_fio'
mzpush.o(.text+0xd29): undefined reference to `do_fio'
mzpush.o(.text+0xd3a): undefined reference to `do_fio'
mzpush.o(.text+0xd4e): undefined reference to `do_fio'
mzpush.o(.text+0xd53): undefined reference to `e_wsfe'
/usr/local/cern/pro/lib/libpacklib.a(mzstor.o): In function `mzstor_':
mzstor.o(.text+0xca): undefined reference to `s_wsfe'
mzstor.o(.text+0xd7): undefined reference to `do_fio'
mzstor.o(.text+0xe4): undefined reference to `do_fio'
mzstor.o(.text+0xe9): undefined reference to `e_wsfe'
mzstor.o(.text+0x2e9): undefined reference to `s_wsfe'
mzstor.o(.text+0x2fa): undefined reference to `do_fio'
mzstor.o(.text+0x30b): undefined reference to `do_fio'
mzstor.o(.text+0x31c): undefined reference to `do_fio'
mzstor.o(.text+0x330): undefined reference to `do_fio'
mzstor.o(.text+0x341): undefined reference to `do_fio'
/usr/local/cern/pro/lib/libpacklib.a(mzstor.o)(.text+0x352): more undefined references to `do_fio' follow
/usr/local/cern/pro/lib/libpacklib.a(mzstor.o): In function `mzstor_':
mzstor.o(.text+0x40d): undefined reference to `e_wsfe'
/usr/local/cern/pro/lib/libpacklib.a(mzvers.o): In function `mzvers_':
mzvers.o(.text+0x33): undefined reference to `s_wsfe'
mzvers.o(.text+0x40): undefined reference to `do_fio'
mzvers.o(.text+0x51): undefined reference to `do_fio'
mzvers.o(.text+0x62): undefined reference to `do_fio'
mzvers.o(.text+0x6a): undefined reference to `e_wsfe'
mzvers.o(.text+0x7e): undefined reference to `s_wsfe'
mzvers.o(.text+0x8b): undefined reference to `do_fio'
mzvers.o(.text+0x90): undefined reference to `e_wsfe'
mzvers.o(.text+0xb9): undefined reference to `s_wsfe'
mzvers.o(.text+0xc6): undefined reference to `do_fio'
mzvers.o(.text+0xd6): undefined reference to `do_fio'
mzvers.o(.text+0xdb): undefined reference to `e_wsfe'
/usr/local/cern/pro/lib/libpacklib.a(mzgar1.o): In function `mzgar1_':
mzgar1.o(.text+0x135): undefined reference to `s_wsfe'
mzgar1.o(.text+0x151): undefined reference to `do_fio'
mzgar1.o(.text+0x16d): undefined reference to `do_fio'
mzgar1.o(.text+0x17e): undefined reference to `do_fio'
mzgar1.o(.text+0x192): undefined reference to `do_fio'
mzgar1.o(.text+0x1a3): undefined reference to `do_fio'
mzgar1.o(.text+0x1a8): undefined reference to `e_wsfe'
mzgar1.o(.text+0x3fe): undefined reference to `s_wsfe'
mzgar1.o(.text+0x40f): undefined reference to `do_fio'
mzgar1.o(.text+0x420): undefined reference to `do_fio'
mzgar1.o(.text+0x425): undefined reference to `e_wsfe'
mzgar1.o(.text+0x4c3): undefined reference to `s_wsfe'
mzgar1.o(.text+0x4d4): undefined reference to `do_fio'
mzgar1.o(.text+0x4d9): undefined reference to `e_wsfe'
/usr/local/cern/pro/lib/libpacklib.a(mztabr.o): In function `mztabr_':
mztabr.o(.text+0x35c): undefined reference to `s_wsfe'
mztabr.o(.text+0x361): undefined reference to `e_wsfe'
/usr/local/cern/pro/lib/libpacklib.a(mzioch.o): In function `mzioch_':
mzioch.o(.text+0x146a): undefined reference to `s_wsfe'
mzioch.o(.text+0x147b): undefined reference to `do_fio'
mzioch.o(.text+0x148d): undefined reference to `do_fio'
mzioch.o(.text+0x1492): undefined reference to `e_wsfe'
/usr/local/cern/pro/lib/libpacklib.a(zfatal.o): In function `zfatal_':
zfatal.o(.text+0x90): undefined reference to `s_wsfe'
zfatal.o(.text+0xaf): undefined reference to `do_fio'
zfatal.o(.text+0xc9): undefined reference to `do_fio'
zfatal.o(.text+0xce): undefined reference to `e_wsfe'
zfatal.o(.text+0x119): undefined reference to `s_wsfe'
zfatal.o(.text+0x11e): undefined reference to `e_wsfe'
zfatal.o(.text+0x140): undefined reference to `s_wsfe'
zfatal.o(.text+0x151): undefined reference to `do_fio'
zfatal.o(.text+0x162): undefined reference to `do_fio'
zfatal.o(.text+0x173): undefined reference to `do_fio'
zfatal.o(.text+0x17b): undefined reference to `e_wsfe'
zfatal.o(.text+0x1e9): undefined reference to `s_wsfe'
zfatal.o(.text+0x207): undefined reference to `do_fio'
zfatal.o(.text+0x240): undefined reference to `s_wsfe'
zfatal.o(.text+0x25a): undefined reference to `do_fio'
zfatal.o(.text+0x274): undefined reference to `do_fio'
zfatal.o(.text+0x28e): undefined reference to `do_fio'
zfatal.o(.text+0x29c): undefined reference to `e_wsfe'
zfatal.o(.text+0x2bd): undefined reference to `s_wsfe'
zfatal.o(.text+0x2ce): undefined reference to `do_fio'
zfatal.o(.text+0x2df): undefined reference to `do_fio'
zfatal.o(.text+0x2e4): undefined reference to `e_wsfe'
zfatal.o(.text+0x30a): undefined reference to `s_wsfe'
zfatal.o(.text+0x317): undefined reference to `do_fio'
zfatal.o(.text+0x31c): undefined reference to `e_wsfe'
zfatal.o(.text+0x330): undefined reference to `s_wsfe'
zfatal.o(.text+0x355): undefined reference to `do_fio'
zfatal.o(.text+0x36f): undefined reference to `do_fio'
zfatal.o(.text+0x389): undefined reference to `do_fio'
zfatal.o(.text+0x39a): undefined reference to `e_wsfe'
zfatal.o(.text+0x3e7): undefined reference to `s_wsfe'
zfatal.o(.text+0x3ec): undefined reference to `e_wsfe'
zfatal.o(.text+0x414): undefined reference to `s_wsfe'
zfatal.o(.text+0x419): undefined reference to `e_wsfe'
/usr/local/cern/pro/lib/libpacklib.a(zfatam.o): In function `zfatam_':
zfatam.o(.text+0x37): undefined reference to `s_wsfe'
zfatam.o(.text+0x43): undefined reference to `do_fio'
zfatam.o(.text+0x48): undefined reference to `e_wsfe'
zfatam.o(.text+0x70): undefined reference to `s_wsfe'
zfatam.o(.text+0x7c): undefined reference to `do_fio'
zfatam.o(.text+0x81): undefined reference to `e_wsfe'
/usr/local/cern/pro/lib/libpacklib.a(ztell.o): In function `ztell_':
ztell.o(.text+0xb4): undefined reference to `s_wsfe'
ztell.o(.text+0xc5): undefined reference to `do_fio'
ztell.o(.text+0xd6): undefined reference to `do_fio'
ztell.o(.text+0xdb): undefined reference to `e_wsfe'
/usr/local/cern/pro/lib/libpacklib.a(cleft.o): In function `cleft_':
cleft.o(.text+0x49): undefined reference to `s_cmp'
cleft.o(.text+0x8d): undefined reference to `s_cmp'
cleft.o(.text+0xaf): undefined reference to `s_copy'
cleft.o(.text+0xec): undefined reference to `s_copy'
/usr/local/cern/pro/lib/libpacklib.a(uoptc.o): In function `uoptc_':
uoptc.o(.text+0x43): undefined reference to `i_indx'
/usr/local/cern/pro/lib/libpacklib.a(uctoh.o): In function `uctoh_':
uctoh.o(.text+0x8c): undefined reference to `s_copy'
uctoh.o(.text+0xdd): undefined reference to `s_copy'
uctoh.o(.text+0x10f): undefined reference to `s_copy'
uctoh.o(.text+0x16f): undefined reference to `s_copy'
uctoh.o(.text+0x1c3): undefined reference to `s_copy'
/usr/local/cern/pro/lib/libpacklib.a(uctoh.o)(.text+0x20e): more undefined references to `s_copy' follow
/usr/local/cern/pro/lib/libpacklib.a(f010pr.o): In function `f010pr_':
f010pr.o(.text+0x4e): undefined reference to `s_wsfe'
f010pr.o(.text+0x5b): undefined reference to `do_fio'
f010pr.o(.text+0x68): undefined reference to `do_fio'
f010pr.o(.text+0x78): undefined reference to `do_fio'
f010pr.o(.text+0x80): undefined reference to `e_wsfe'
f010pr.o(.text+0xb5): undefined reference to `s_wsfe'
f010pr.o(.text+0xc2): undefined reference to `do_fio'
f010pr.o(.text+0xcf): undefined reference to `do_fio'
f010pr.o(.text+0xdf): undefined reference to `do_fio'
f010pr.o(.text+0xe7): undefined reference to `e_wsfe'
f010pr.o(.text+0x100): undefined reference to `s_wsfe'
f010pr.o(.text+0x10d): undefined reference to `do_fio'
f010pr.o(.text+0x11a): undefined reference to `do_fio'
f010pr.o(.text+0x12a): undefined reference to `do_fio'
f010pr.o(.text+0x13d): undefined reference to `do_fio'
f010pr.o(.text+0x142): undefined reference to `e_wsfe'
/usr/local/cern/pro/lib/libpacklib.a(tmprnt.o): In function `tmprnt_':
tmprnt.o(.text+0x5c): undefined reference to `s_cmp'
tmprnt.o(.text+0x7f): undefined reference to `s_cmp'
tmprnt.o(.text+0xb8): undefined reference to `s_cmp'
tmprnt.o(.text+0x10e): undefined reference to `s_cmp'
tmprnt.o(.text+0x133): undefined reference to `s_wsfe'
tmprnt.o(.text+0x140): undefined reference to `do_fio'
tmprnt.o(.text+0x14d): undefined reference to `do_fio'
tmprnt.o(.text+0x15a): undefined reference to `do_fio'
tmprnt.o(.text+0x16d): undefined reference to `do_fio'
tmprnt.o(.text+0x172): undefined reference to `e_wsfe'
tmprnt.o(.text+0x19a): undefined reference to `s_wsfe'
tmprnt.o(.text+0x1a7): undefined reference to `do_fio'
tmprnt.o(.text+0x1b4): undefined reference to `do_fio'
tmprnt.o(.text+0x1c1): undefined reference to `do_fio'
tmprnt.o(.text+0x1c9): undefined reference to `e_wsfe'
/usr/local/cern/pro/lib/libpacklib.a(kerset.o): In function `__g77_masterfun_kerset':
kerset.o(.text+0x32): undefined reference to `s_cmp'
kerset.o(.text+0x57): undefined reference to `s_cmp'
kerset.o(.text+0x9f): undefined reference to `s_cmp'
kerset.o(.text+0x123): undefined reference to `s_cmp'
kerset.o(.text+0x13d): undefined reference to `s_wsfe'
kerset.o(.text+0x14a): undefined reference to `do_fio'
kerset.o(.text+0x14f): undefined reference to `e_wsfe'
kerset.o(.text+0x1f0): undefined reference to `s_wsfe'
kerset.o(.text+0x20d): undefined reference to `do_fio'
kerset.o(.text+0x212): undefined reference to `e_wsfe'
kerset.o(.text+0x250): undefined reference to `s_wsfe'
kerset.o(.text+0x26d): undefined reference to `do_fio'
kerset.o(.text+0x272): undefined reference to `e_wsfe'
/usr/local/cern/pro/lib/libpacklib.a(hbin.o): In function `hbin_':
hbin.o(.text+0xdd): undefined reference to `r_lg10'
/usr/local/cern/pro/lib/libpacklib.a(zend.o): In function `zend_':
zend.o(.text+0x2b): undefined reference to `s_stop'
/usr/local/cern/pro/lib/libpacklib.a(zphase.o): In function `zphase_':
zphase.o(.text+0xb6): undefined reference to `s_wsfe'
zphase.o(.text+0xc7): undefined reference to `do_fio'
zphase.o(.text+0xcc): undefined reference to `e_wsfe'
zphase.o(.text+0xf9): undefined reference to `s_wsfe'
zphase.o(.text+0xfe): undefined reference to `e_wsfe'
zphase.o(.text+0x11e): undefined reference to `s_wsfe'
zphase.o(.text+0x12f): undefined reference to `do_fio'
zphase.o(.text+0x134): undefined reference to `e_wsfe'
/usr/local/cern/pro/lib/libpacklib.a(zpostm.o): In function `zpostm_':
zpostm.o(.text+0x14): undefined reference to `s_wsfe'
zpostm.o(.text+0x19): undefined reference to `e_wsfe'
zpostm.o(.text+0x2d): undefined reference to `s_wsfe'
zpostm.o(.text+0x5a): undefined reference to `do_fio'
zpostm.o(.text+0x6b): undefined reference to `e_wsfe'
zpostm.o(.text+0x7f): undefined reference to `s_wsfe'
zpostm.o(.text+0xae): undefined reference to `do_fio'
zpostm.o(.text+0xbf): undefined reference to `e_wsfe'
zpostm.o(.text+0xd3): undefined reference to `s_wsfe'
zpostm.o(.text+0xe4): undefined reference to `do_fio'
zpostm.o(.text+0xe9): undefined reference to `e_wsfe'
zpostm.o(.text+0xfd): undefined reference to `s_wsfe'
zpostm.o(.text+0x10e): undefined reference to `do_fio'
zpostm.o(.text+0x116): undefined reference to `e_wsfe'
zpostm.o(.text+0x12a): undefined reference to `s_wsfe'
zpostm.o(.text+0x13b): undefined reference to `do_fio'
zpostm.o(.text+0x140): undefined reference to `e_wsfe'
zpostm.o(.text+0x154): undefined reference to `s_wsfe'
zpostm.o(.text+0x165): undefined reference to `do_fio'
zpostm.o(.text+0x16d): undefined reference to `e_wsfe'
/usr/local/cern/pro/lib/libpacklib.a(gshowf.o): In function `gshowf_':
gshowf.o(.text+0x2b): undefined reference to `s_wsfe'
gshowf.o(.text+0x3c): undefined reference to `do_fio'
gshowf.o(.text+0x41): undefined reference to `e_wsfe'
/usr/local/cern/pro/lib/libpacklib.a(traceq.o): In function `traceq_':
traceq.o(.text+0x2b): undefined reference to `s_wsfe'
traceq.o(.text+0x30): undefined reference to `e_wsfe'
/usr/local/cern/pro/lib/libpacklib.a(dzsnap.o): In function `dzsnap_':
dzsnap.o(.text+0x1e): undefined reference to `s_copy'
dzsnap.o(.text+0x36): undefined reference to `s_cmp'
dzsnap.o(.text+0x5a): undefined reference to `s_copy'
dzsnap.o(.text+0x6d): undefined reference to `s_copy'
dzsnap.o(.text+0x7e): undefined reference to `s_copy'
dzsnap.o(.text+0x91): undefined reference to `s_copy'
dzsnap.o(.text+0xa8): undefined reference to `s_copy'
/usr/local/cern/pro/lib/libpacklib.a(dzsnap.o)(.text+0xf5): more undefined references to `s_copy' follow
/usr/local/cern/pro/lib/libpacklib.a(dzsnap.o): In function `dzsnap_':
dzsnap.o(.text+0x125): undefined reference to `s_wsfi'
dzsnap.o(.text+0x136): undefined reference to `do_fio'
dzsnap.o(.text+0x14a): undefined reference to `do_fio'
dzsnap.o(.text+0x166): undefined reference to `do_fio'
dzsnap.o(.text+0x177): undefined reference to `do_fio'
dzsnap.o(.text+0x18b): undefined reference to `do_fio'
/usr/local/cern/pro/lib/libpacklib.a(dzsnap.o)(.text+0x19c): more undefined references to `do_fio' follow
/usr/local/cern/pro/lib/libpacklib.a(dzsnap.o): In function `dzsnap_':
dzsnap.o(.text+0x2da): undefined reference to `e_wsfi'
dzsnap.o(.text+0x33e): undefined reference to `s_wsfi'
dzsnap.o(.text+0x34f): undefined reference to `do_fio'
dzsnap.o(.text+0x36e): undefined reference to `do_fio'
dzsnap.o(.text+0x373): undefined reference to `e_wsfi'
dzsnap.o(.text+0x3ee): undefined reference to `s_wsfi'
dzsnap.o(.text+0x418): undefined reference to `do_fio'
dzsnap.o(.text+0x43d): undefined reference to `do_fio'
dzsnap.o(.text+0x442): undefined reference to `e_wsfi'
dzsnap.o(.text+0x489): undefined reference to `s_wsfi'
dzsnap.o(.text+0x49a): undefined reference to `do_fio'
dzsnap.o(.text+0x4ab): undefined reference to `do_fio'
dzsnap.o(.text+0x4b0): undefined reference to `e_wsfi'
dzsnap.o(.text+0x4f7): undefined reference to `s_wsfi'
dzsnap.o(.text+0x508): undefined reference to `do_fio'
dzsnap.o(.text+0x519): undefined reference to `do_fio'
dzsnap.o(.text+0x51e): undefined reference to `e_wsfi'
dzsnap.o(.text+0x579): undefined reference to `s_wsfi'
dzsnap.o(.text+0x593): undefined reference to `do_fio'
dzsnap.o(.text+0x5b2): undefined reference to `do_fio'
dzsnap.o(.text+0x5c3): undefined reference to `do_fio'
dzsnap.o(.text+0x5cb): undefined reference to `e_wsfi'
dzsnap.o(.text+0x612): undefined reference to `s_wsfi'
dzsnap.o(.text+0x623): undefined reference to `do_fio'
dzsnap.o(.text+0x634): undefined reference to `do_fio'
dzsnap.o(.text+0x639): undefined reference to `e_wsfi'
dzsnap.o(.text+0x68a): undefined reference to `s_wsfi'
dzsnap.o(.text+0x69b): undefined reference to `do_fio'
dzsnap.o(.text+0x6b7): undefined reference to `do_fio'
dzsnap.o(.text+0x6bc): undefined reference to `e_wsfi'
dzsnap.o(.text+0x7e3): undefined reference to `s_copy'
dzsnap.o(.text+0x7f7): undefined reference to `s_wsfi'
dzsnap.o(.text+0x813): undefined reference to `do_fio'
dzsnap.o(.text+0x81b): undefined reference to `e_wsfi'
dzsnap.o(.text+0x9d7): undefined reference to `s_wsfi'
dzsnap.o(.text+0x9e8): undefined reference to `do_fio'
dzsnap.o(.text+0x9f9): undefined reference to `do_fio'
dzsnap.o(.text+0xa0a): undefined reference to `do_fio'
dzsnap.o(.text+0xa1e): undefined reference to `do_fio'
dzsnap.o(.text+0xa3d): undefined reference to `do_fio'
/usr/local/cern/pro/lib/libpacklib.a(dzsnap.o)(.text+0xa5c): more undefined references to `do_fio' follow
/usr/local/cern/pro/lib/libpacklib.a(dzsnap.o): In function `dzsnap_':
dzsnap.o(.text+0xa64): undefined reference to `e_wsfi'
dzsnap.o(.text+0xac3): undefined reference to `s_copy'
dzsnap.o(.text+0xb50): undefined reference to `s_wsfi'
dzsnap.o(.text+0xb61): undefined reference to `do_fio'
dzsnap.o(.text+0xb66): undefined reference to `e_wsfi'
dzsnap.o(.text+0xcb3): undefined reference to `s_wsfi'
dzsnap.o(.text+0xcc4): undefined reference to `do_fio'
dzsnap.o(.text+0xcc9): undefined reference to `e_wsfi'
/usr/local/cern/pro/lib/libpacklib.a(dztext.o): In function `dztext_':
dztext.o(.text+0x1c): undefined reference to `s_cmp'
dztext.o(.text+0x62): undefined reference to `s_wsfe'
dztext.o(.text+0x73): undefined reference to `do_fio'
dztext.o(.text+0x87): undefined reference to `do_fio'
dztext.o(.text+0x8c): undefined reference to `e_wsfe'
dztext.o(.text+0xf7): undefined reference to `s_cat'
dztext.o(.text+0x10a): undefined reference to `s_copy'
dztext.o(.text+0x130): undefined reference to `s_copy'
dztext.o(.text+0x177): undefined reference to `s_cat'
dztext.o(.text+0x18e): undefined reference to `s_wsfe'
dztext.o(.text+0x1a2): undefined reference to `do_fio'
dztext.o(.text+0x1a7): undefined reference to `e_wsfe'
dztext.o(.text+0x1e3): undefined reference to `s_wsfe'
dztext.o(.text+0x21d): undefined reference to `do_fio'
dztext.o(.text+0x22e): undefined reference to `e_wsfe'
dztext.o(.text+0x278): undefined reference to `s_wsfe'
dztext.o(.text+0x27d): undefined reference to `e_wsfe'
/usr/local/cern/pro/lib/libpacklib.a(zpage.o): In function `zpage_':
zpage.o(.text+0x94): undefined reference to `s_wsfe'
zpage.o(.text+0xa5): undefined reference to `do_fio'
zpage.o(.text+0xb6): undefined reference to `do_fio'
zpage.o(.text+0xca): undefined reference to `do_fio'
zpage.o(.text+0xdb): undefined reference to `do_fio'
zpage.o(.text+0xe0): undefined reference to `e_wsfe'
/usr/local/cern/pro/lib/libpacklib.a(mzend.o): In function `mzend_':
mzend.o(.text+0x2a): undefined reference to `s_wsfe'
mzend.o(.text+0x3b): undefined reference to `do_fio'
mzend.o(.text+0x40): undefined reference to `e_wsfe'
/usr/local/cern/pro/lib/libpacklib.a(mzmaps.o): In function `mzmaps_':
mzmaps.o(.text+0x36): undefined reference to `s_wsfe'
mzmaps.o(.text+0x47): undefined reference to `do_fio'
mzmaps.o(.text+0x58): undefined reference to `do_fio'
mzmaps.o(.text+0x69): undefined reference to `do_fio'
mzmaps.o(.text+0x71): undefined reference to `e_wsfe'
mzmaps.o(.text+0x268): undefined reference to `s_wsfe'
mzmaps.o(.text+0x279): undefined reference to `do_fio'
mzmaps.o(.text+0x28a): undefined reference to `do_fio'
mzmaps.o(.text+0x29b): undefined reference to `do_fio'
mzmaps.o(.text+0x2af): undefined reference to `do_fio'
mzmaps.o(.text+0x2c0): undefined reference to `do_fio'
/usr/local/cern/pro/lib/libpacklib.a(mzmaps.o)(.text+0x2d1): more undefined references to `do_fio' follow
/usr/local/cern/pro/lib/libpacklib.a(mzmaps.o): In function `mzmaps_':
mzmaps.o(.text+0x356): undefined reference to `e_wsfe'
/usr/local/cern/pro/lib/libpacklib.a(mzwork.o): In function `mzwork_':
mzwork.o(.text+0x38a): undefined reference to `s_wsfe'
mzwork.o(.text+0x39b): undefined reference to `do_fio'
mzwork.o(.text+0x3ac): undefined reference to `do_fio'
mzwork.o(.text+0x3bd): undefined reference to `do_fio'
mzwork.o(.text+0x3d1): undefined reference to `do_fio'
mzwork.o(.text+0x3d6): undefined reference to `e_wsfe'
/usr/local/cern/pro/lib/libpacklib.a(mzgarb.o): In function `mzgarb_':
mzgarb.o(.text+0x140): undefined reference to `s_wsfe'
mzgarb.o(.text+0x151): undefined reference to `do_fio'
mzgarb.o(.text+0x162): undefined reference to `do_fio'
mzgarb.o(.text+0x173): undefined reference to `do_fio'
mzgarb.o(.text+0x17b): undefined reference to `e_wsfe'
/usr/local/cern/pro/lib/libpacklib.a(dzare1.o): In function `dzare1_':
dzare1.o(.text+0x18): undefined reference to `s_copy'
dzare1.o(.text+0x2b): undefined reference to `s_copy'
dzare1.o(.text+0x9e): undefined reference to `s_wsfi'
dzare1.o(.text+0xaf): undefined reference to `do_fio'
dzare1.o(.text+0xc0): undefined reference to `do_fio'
dzare1.o(.text+0xc5): undefined reference to `e_wsfi'
dzare1.o(.text+0x10c): undefined reference to `s_wsfi'
dzare1.o(.text+0x11d): undefined reference to `do_fio'
dzare1.o(.text+0x12e): undefined reference to `do_fio'
dzare1.o(.text+0x133): undefined reference to `e_wsfi'
dzare1.o(.text+0x179): undefined reference to `s_copy'
dzare1.o(.text+0x235): undefined reference to `s_cmp'
dzare1.o(.text+0x37f): undefined reference to `s_copy'
dzare1.o(.text+0x483): undefined reference to `s_wsfi'
dzare1.o(.text+0x49f): undefined reference to `do_fio'
dzare1.o(.text+0x4bb): undefined reference to `do_fio'
dzare1.o(.text+0x4d1): undefined reference to `do_fio'
dzare1.o(.text+0x4e5): undefined reference to `do_fio'
dzare1.o(.text+0x4f6): undefined reference to `do_fio'
/usr/local/cern/pro/lib/libpacklib.a(dzare1.o)(.text+0x507): more undefined references to `do_fio' follow
/usr/local/cern/pro/lib/libpacklib.a(dzare1.o): In function `dzare1_':
dzare1.o(.text+0x50f): undefined reference to `e_wsfi'
dzare1.o(.text+0x577): undefined reference to `s_wsfi'
dzare1.o(.text+0x593): undefined reference to `do_fio'
dzare1.o(.text+0x5af): undefined reference to `do_fio'
dzare1.o(.text+0x5c5): undefined reference to `do_fio'
dzare1.o(.text+0x5d9): undefined reference to `do_fio'
dzare1.o(.text+0x623): undefined reference to `s_wsfi'
dzare1.o(.text+0x63f): undefined reference to `do_fio'
dzare1.o(.text+0x65b): undefined reference to `do_fio'
dzare1.o(.text+0x671): undefined reference to `do_fio'
dzare1.o(.text+0x685): undefined reference to `do_fio'
dzare1.o(.text+0x692): undefined reference to `do_fio'
/usr/local/cern/pro/lib/libpacklib.a(dzare1.o)(.text+0x6a3): more undefined references to `do_fio' follow
/usr/local/cern/pro/lib/libpacklib.a(dzare1.o): In function `dzare1_':
dzare1.o(.text+0x6ab): undefined reference to `e_wsfi'
dzare1.o(.text+0x720): undefined reference to `s_wsfi'
dzare1.o(.text+0x73c): undefined reference to `do_fio'
dzare1.o(.text+0x758): undefined reference to `do_fio'
dzare1.o(.text+0x76e): undefined reference to `do_fio'
dzare1.o(.text+0x782): undefined reference to `do_fio'
dzare1.o(.text+0x787): undefined reference to `e_wsfi'
dzare1.o(.text+0x7ce): undefined reference to `s_cmp'
dzare1.o(.text+0x7f4): undefined reference to `s_copy'
dzare1.o(.text+0x80d): undefined reference to `s_copy'
dzare1.o(.text+0x824): undefined reference to `s_copy'
dzare1.o(.text+0x838): undefined reference to `s_wsfi'
dzare1.o(.text+0x854): undefined reference to `do_fio'
dzare1.o(.text+0x873): undefined reference to `do_fio'
dzare1.o(.text+0x885): undefined reference to `do_fio'
dzare1.o(.text+0x88a): undefined reference to `e_wsfi'
dzare1.o(.text+0x8bc): undefined reference to `s_copy'
dzare1.o(.text+0x8d0): undefined reference to `s_wsfi'
dzare1.o(.text+0x8ea): undefined reference to `do_fio'
dzare1.o(.text+0x90e): undefined reference to `do_fio'
dzare1.o(.text+0x932): undefined reference to `do_fio'
dzare1.o(.text+0x943): undefined reference to `do_fio'
dzare1.o(.text+0x957): undefined reference to `do_fio'
dzare1.o(.text+0x95c): undefined reference to `e_wsfi'
dzare1.o(.text+0x9f8): undefined reference to `s_cmp'
dzare1.o(.text+0xad8): undefined reference to `s_wsfi'
dzare1.o(.text+0xae9): undefined reference to `do_fio'
dzare1.o(.text+0xaee): undefined reference to `e_wsfi'
dzare1.o(.text+0xb20): undefined reference to `s_wsfi'
dzare1.o(.text+0xb31): undefined reference to `do_fio'
dzare1.o(.text+0xb36): undefined reference to `e_wsfi'
dzare1.o(.text+0xb79): undefined reference to `s_copy'
/usr/local/cern/pro/lib/libpacklib.a(dzbkup.o): In function `dzbkup_':
dzbkup.o(.text+0x1b): undefined reference to `s_copy'
dzbkup.o(.text+0x2e): undefined reference to `s_copy'
dzbkup.o(.text+0xb3): undefined reference to `s_wsfi'
dzbkup.o(.text+0xc4): undefined reference to `do_fio'
dzbkup.o(.text+0xd5): undefined reference to `do_fio'
dzbkup.o(.text+0xda): undefined reference to `e_wsfi'
dzbkup.o(.text+0x2d0): undefined reference to `s_cat'
dzbkup.o(.text+0x2e4): undefined reference to `s_wsfi'
dzbkup.o(.text+0x2f1): undefined reference to `do_fio'
dzbkup.o(.text+0x305): undefined reference to `do_fio'
dzbkup.o(.text+0x316): undefined reference to `do_fio'
dzbkup.o(.text+0x31b): undefined reference to `e_wsfi'
dzbkup.o(.text+0x408): undefined reference to `s_wsfi'
dzbkup.o(.text+0x419): undefined reference to `do_fio'
dzbkup.o(.text+0x42a): undefined reference to `do_fio'
dzbkup.o(.text+0x43b): undefined reference to `do_fio'
dzbkup.o(.text+0x45c): undefined reference to `do_fio'
dzbkup.o(.text+0x461): undefined reference to `e_wsfi'
dzbkup.o(.text+0x490): undefined reference to `s_wsfi'
dzbkup.o(.text+0x4a1): undefined reference to `do_fio'
dzbkup.o(.text+0x4b2): undefined reference to `do_fio'
dzbkup.o(.text+0x4b7): undefined reference to `e_wsfi'
dzbkup.o(.text+0x51e): undefined reference to `s_wsfi'
dzbkup.o(.text+0x52f): undefined reference to `do_fio'
dzbkup.o(.text+0x54d): undefined reference to `do_fio'
dzbkup.o(.text+0x56c): undefined reference to `do_fio'
dzbkup.o(.text+0x580): undefined reference to `do_fio'
dzbkup.o(.text+0x585): undefined reference to `e_wsfi'
dzbkup.o(.text+0x5bb): undefined reference to `s_copy'
/usr/local/cern/pro/lib/libpacklib.a(dzbkxr.o): In function `dzbkxr_':
dzbkxr.o(.text+0x18): undefined reference to `s_copy'
dzbkxr.o(.text+0x2b): undefined reference to `s_copy'
dzbkxr.o(.text+0x34d): undefined reference to `s_cat'
dzbkxr.o(.text+0x384): undefined reference to `s_wsfi'
dzbkxr.o(.text+0x394): undefined reference to `do_fio'
dzbkxr.o(.text+0x3a4): undefined reference to `do_fio'
dzbkxr.o(.text+0x3be): undefined reference to `do_fio'
dzbkxr.o(.text+0x3c6): undefined reference to `e_wsfi'
dzbkxr.o(.text+0x4c2): undefined reference to `s_cat'
dzbkxr.o(.text+0x4f0): undefined reference to `s_wsfi'
dzbkxr.o(.text+0x500): undefined reference to `do_fio'
dzbkxr.o(.text+0x510): undefined reference to `do_fio'
dzbkxr.o(.text+0x521): undefined reference to `do_fio'
dzbkxr.o(.text+0x529): undefined reference to `e_wsfi'
dzbkxr.o(.text+0x652): undefined reference to `s_cat'
dzbkxr.o(.text+0x67c): undefined reference to `s_wsfi'
dzbkxr.o(.text+0x68c): undefined reference to `do_fio'
dzbkxr.o(.text+0x69c): undefined reference to `do_fio'
dzbkxr.o(.text+0x6ad): undefined reference to `do_fio'
dzbkxr.o(.text+0x6b5): undefined reference to `e_wsfi'
dzbkxr.o(.text+0x6eb): undefined reference to `s_copy'
/usr/local/cern/pro/lib/libpacklib.a(dzdata.o): In function `dzdata_':
dzdata.o(.text+0x1b): undefined reference to `s_copy'
dzdata.o(.text+0x2e): undefined reference to `s_copy'
dzdata.o(.text+0x5c): undefined reference to `s_copy'
dzdata.o(.text+0x82): undefined reference to `s_copy'
dzdata.o(.text+0x96): undefined reference to `s_cmp'
dzdata.o(.text+0xea): undefined reference to `s_cat'
dzdata.o(.text+0xfd): undefined reference to `s_copy'
dzdata.o(.text+0x1e0): undefined reference to `s_wsfi'
dzdata.o(.text+0x1f1): undefined reference to `do_fio'
dzdata.o(.text+0x202): undefined reference to `do_fio'
dzdata.o(.text+0x213): undefined reference to `do_fio'
dzdata.o(.text+0x235): undefined reference to `do_fio'
dzdata.o(.text+0x23a): undefined reference to `e_wsfi'
dzdata.o(.text+0x43f): undefined reference to `s_cat'
dzdata.o(.text+0x4ea): undefined reference to `s_wsfi'
dzdata.o(.text+0x505): undefined reference to `do_fio'
dzdata.o(.text+0x50a): undefined reference to `e_wsfi'
dzdata.o(.text+0x558): undefined reference to `s_copy'
dzdata.o(.text+0x591): undefined reference to `s_wsfi'
dzdata.o(.text+0x5a2): undefined reference to `do_fio'
dzdata.o(.text+0x5a7): undefined reference to `e_wsfi'
dzdata.o(.text+0x5ce): undefined reference to `s_copy'
dzdata.o(.text+0x5f5): undefined reference to `s_copy'
dzdata.o(.text+0x60e): undefined reference to `s_copy'
dzdata.o(.text+0x634): undefined reference to `s_wsfi'
dzdata.o(.text+0x659): undefined reference to `do_fio'
dzdata.o(.text+0x65e): undefined reference to `e_wsfi'
dzdata.o(.text+0x6f2): undefined reference to `s_wsfi'
dzdata.o(.text+0x70e): undefined reference to `do_fio'
dzdata.o(.text+0x7b2): undefined reference to `s_wsfi'
dzdata.o(.text+0x7ce): undefined reference to `do_fio'
dzdata.o(.text+0x872): undefined reference to `s_wsfi'
dzdata.o(.text+0x88e): undefined reference to `do_fio'
dzdata.o(.text+0x8e1): undefined reference to `s_wsfi'
dzdata.o(.text+0x8fc): undefined reference to `do_fio'
dzdata.o(.text+0x922): undefined reference to `do_fio'
dzdata.o(.text+0x927): undefined reference to `e_wsfi'
dzdata.o(.text+0x9b2): undefined reference to `s_cat'
dzdata.o(.text+0xa19): undefined reference to `s_copy'
/usr/local/cern/pro/lib/libpacklib.a(dzmap.o): In function `dzmap_':
dzmap.o(.text+0x18): undefined reference to `s_copy'
dzmap.o(.text+0x2b): undefined reference to `s_copy'
dzmap.o(.text+0xa5): undefined reference to `s_wsfi'
dzmap.o(.text+0xb6): undefined reference to `do_fio'
dzmap.o(.text+0xd7): undefined reference to `do_fio'
dzmap.o(.text+0xef): undefined reference to `do_fio'
dzmap.o(.text+0xf7): undefined reference to `e_wsfi'
dzmap.o(.text+0x2d4): undefined reference to `s_copy'
dzmap.o(.text+0x37a): undefined reference to `s_copy'
dzmap.o(.text+0x403): undefined reference to `s_wsfi'
dzmap.o(.text+0x414): undefined reference to `do_fio'
dzmap.o(.text+0x419): undefined reference to `e_wsfi'
dzmap.o(.text+0x45b): undefined reference to `s_wsfi'
dzmap.o(.text+0x46c): undefined reference to `do_fio'
dzmap.o(.text+0x471): undefined reference to `e_wsfi'
dzmap.o(.text+0x4ca): undefined reference to `s_copy'
dzmap.o(.text+0x503): undefined reference to `s_copy'
dzmap.o(.text+0x56b): undefined reference to `s_copy'
dzmap.o(.text+0x595): undefined reference to `s_copy'
dzmap.o(.text+0x5f3): undefined reference to `s_copy'
/usr/local/cern/pro/lib/libpacklib.a(dzopt.o): In function `dzopt_':
dzopt.o(.text+0x63): undefined reference to `i_indx'
/usr/local/cern/pro/lib/libpacklib.a(dzshpr.o): In function `dzshpr_':
dzshpr.o(.text+0x21): undefined reference to `s_copy'
dzshpr.o(.text+0x34): undefined reference to `s_copy'
dzshpr.o(.text+0x78): undefined reference to `s_wsfi'
dzshpr.o(.text+0x89): undefined reference to `do_fio'
dzshpr.o(.text+0x96): undefined reference to `do_fio'
dzshpr.o(.text+0x9b): undefined reference to `e_wsfi'
dzshpr.o(.text+0x3d4): undefined reference to `s_copy'
dzshpr.o(.text+0x438): undefined reference to `s_wsfi'
dzshpr.o(.text+0x449): undefined reference to `do_fio'
dzshpr.o(.text+0x495): undefined reference to `do_fio'
dzshpr.o(.text+0x4a6): undefined reference to `e_wsfi'
dzshpr.o(.text+0x548): undefined reference to `s_copy'
/usr/local/cern/pro/lib/libpacklib.a(dztyp.o): In function `dztyp_':
dztyp.o(.text+0x16): undefined reference to `s_copy'
dztyp.o(.text+0x29): undefined reference to `s_copy'
dztyp.o(.text+0x360): undefined reference to `s_copy'
/usr/local/cern/pro/lib/libpacklib.a(dzbkdv.o): In function `dzbkdv_':
dzbkdv.o(.text+0x17): undefined reference to `s_copy'
/usr/local/cern/pro/lib/libpacklib.a(dzbkdv.o)(.text+0x2a): more undefined references to `s_copy' follow
/usr/local/cern/pro/lib/libpacklib.a(dzbkhd.o): In function `dzbkhd_':
dzbkhd.o(.text+0xf6): undefined reference to `s_wsfi'
dzbkhd.o(.text+0x115): undefined reference to `do_fio'
dzbkhd.o(.text+0x11a): undefined reference to `e_wsfi'
dzbkhd.o(.text+0x12f): undefined reference to `s_copy'
dzbkhd.o(.text+0x146): undefined reference to `s_wsfi'
dzbkhd.o(.text+0x162): undefined reference to `do_fio'
dzbkhd.o(.text+0x18c): undefined reference to `do_fio'
dzbkhd.o(.text+0x1b6): undefined reference to `do_fio'
dzbkhd.o(.text+0x1d2): undefined reference to `do_fio'
dzbkhd.o(.text+0x1ee): undefined reference to `do_fio'
/usr/local/cern/pro/lib/libpacklib.a(dzbkhd.o)(.text+0x238): more undefined references to `do_fio' follow
/usr/local/cern/pro/lib/libpacklib.a(dzbkhd.o): In function `dzbkhd_':
dzbkhd.o(.text+0x3a1): undefined reference to `e_wsfi'
dzbkhd.o(.text+0x3e4): undefined reference to `s_copy'
/usr/local/cern/pro/lib/libpacklib.a(dziopr.o): In function `dziopr_':
dziopr.o(.text+0x1a): undefined reference to `s_copy'
dziopr.o(.text+0x2d): undefined reference to `s_copy'
dziopr.o(.text+0xb2): undefined reference to `s_wsfi'
dziopr.o(.text+0xc3): undefined reference to `do_fio'
dziopr.o(.text+0xd4): undefined reference to `do_fio'
dziopr.o(.text+0xe5): undefined reference to `do_fio'
dziopr.o(.text+0x107): undefined reference to `do_fio'
dziopr.o(.text+0x10c): undefined reference to `e_wsfi'
dziopr.o(.text+0x169): undefined reference to `s_copy'
/usr/local/cern/pro/lib/libpacklib.a(uhtoc.o): In function `uhtoc_':
uhtoc.o(.text+0x9e): undefined reference to `s_copy'
uhtoc.o(.text+0xee): undefined reference to `s_copy'
uhtoc.o(.text+0x13d): undefined reference to `s_copy'
uhtoc.o(.text+0x1c1): undefined reference to `s_copy'
/usr/local/cern/pro/lib/libpacklib.a(uhtoc.o)(.text+0x20d): more undefined references to `s_copy' follow
/usr/local/cern/pro/lib/libpacklib.a(dziopd.o): In function `dziopd_':
dziopd.o(.text+0x2a3): undefined reference to `s_wsfi'
dziopd.o(.text+0x2b4): undefined reference to `do_fio'
dziopd.o(.text+0x2d8): undefined reference to `do_fio'
dziopd.o(.text+0x2e9): undefined reference to `do_fio'
dziopd.o(.text+0x2f1): undefined reference to `e_wsfi'
dziopd.o(.text+0x3f2): undefined reference to `s_copy'
dziopd.o(.text+0x557): undefined reference to `s_wsfi'
dziopd.o(.text+0x572): undefined reference to `do_fio'
dziopd.o(.text+0x583): undefined reference to `do_fio'
dziopd.o(.text+0x588): undefined reference to `e_wsfi'
dziopd.o(.text+0x62c): undefined reference to `s_wsfi'
dziopd.o(.text+0x6dc): undefined reference to `s_wsfi'
dziopd.o(.text+0x6ed): undefined reference to `do_fio'
dziopd.o(.text+0x6f2): undefined reference to `e_wsfi'
dziopd.o(.text+0x729): undefined reference to `s_wsfi'
dziopd.o(.text+0x747): undefined reference to `do_fio'
dziopd.o(.text+0x758): undefined reference to `do_fio'
dziopd.o(.text+0x75d): undefined reference to `e_wsfi'
dziopd.o(.text+0x7a4): undefined reference to `s_wsfi'
dziopd.o(.text+0x7bf): undefined reference to `do_fio'
dziopd.o(.text+0x7d0): undefined reference to `do_fio'
dziopd.o(.text+0x7d5): undefined reference to `e_wsfi'
dziopd.o(.text+0x8ca): undefined reference to `s_copy'
dziopd.o(.text+0x9c5): undefined reference to `s_copy'
/usr/local/cern/pro/lib/libpacklib.a(dzioph.o): In function `dzioph_':
dzioph.o(.text+0x1e): undefined reference to `s_copy'
dzioph.o(.text+0x31): undefined reference to `s_copy'
dzioph.o(.text+0x82): undefined reference to `s_copy'
dzioph.o(.text+0xbb): undefined reference to `s_wsfi'
dzioph.o(.text+0xc8): undefined reference to `do_fio'
dzioph.o(.text+0xcd): undefined reference to `e_wsfi'
dzioph.o(.text+0x230): undefined reference to `s_wsfi'
dzioph.o(.text+0x254): undefined reference to `do_fio'
dzioph.o(.text+0x265): undefined reference to `do_fio'
dzioph.o(.text+0x26a): undefined reference to `e_wsfi'
dzioph.o(.text+0x2dc): undefined reference to `s_wsfi'
dzioph.o(.text+0x2f7): undefined reference to `do_fio'
dzioph.o(.text+0x2ff): undefined reference to `e_wsfi'
dzioph.o(.text+0x421): undefined reference to `s_wsfi'
dzioph.o(.text+0x432): undefined reference to `do_fio'
dzioph.o(.text+0x437): undefined reference to `e_wsfi'
dzioph.o(.text+0x51b): undefined reference to `s_wsfi'
dzioph.o(.text+0x52c): undefined reference to `do_fio'
dzioph.o(.text+0x531): undefined reference to `e_wsfi'
dzioph.o(.text+0x554): undefined reference to `s_wsfi'
dzioph.o(.text+0x568): undefined reference to `do_fio'
dzioph.o(.text+0x56d): undefined reference to `e_wsfi'
dzioph.o(.text+0x59f): undefined reference to `s_wsfi'
dzioph.o(.text+0x5b0): undefined reference to `do_fio'
dzioph.o(.text+0x5b5): undefined reference to `e_wsfi'
dzioph.o(.text+0x619): undefined reference to `s_wsfi'
dzioph.o(.text+0x634): undefined reference to `do_fio'
dzioph.o(.text+0x63c): undefined reference to `e_wsfi'
dzioph.o(.text+0x6ea): undefined reference to `s_copy'
/usr/local/cern/pro/lib/libgraflib.a(hplax.o): In function `hplax_':
hplax.o(.text+0x391): undefined reference to `__index'
/usr/local/cern/pro/lib/libgraflib.a(hplopt.o): In function `hplopt_':
hplopt.o(.text+0x70): undefined reference to `__index'
hplopt.o(.text+0x439): undefined reference to `__chne'
hplopt.o(.text+0x4fa): undefined reference to `__chne'
hplopt.o(.text+0x8f6): undefined reference to `__cheq'
hplopt.o(.text+0x912): undefined reference to `__cheq'
hplopt.o(.text+0x966): undefined reference to `__chne'
hplopt.o(.text+0x9ba): undefined reference to `__chne'
hplopt.o(.text+0xfdd): undefined reference to `__con'
/usr/local/cern/pro/lib/libgraflib.a(hplot.o): In function `hplot_':
hplot.o(.text+0x3a3): undefined reference to `__index'
hplot.o(.text+0x422): undefined reference to `__index'
hplot.o(.text+0x4aa): undefined reference to `__index'
hplot.o(.text+0x509): undefined reference to `__index'
hplot.o(.text+0x56a): undefined reference to `__index'
/usr/local/cern/pro/lib/libgraflib.a(hplot.o)(.text+0x5cd): more undefined references to `__index' follow
/usr/local/cern/pro/lib/libgraflib.a(hplset.o): In function `hplset_':
hplset.o(.text+0x4d): undefined reference to `__cheq'
hplset.o(.text+0xf0): undefined reference to `__chne'
hplset.o(.text+0x1b4): undefined reference to `__chne'
hplset.o(.text+0x215): undefined reference to `__chne'
hplset.o(.text+0x2b4): undefined reference to `__chne'
hplset.o(.text+0x354): undefined reference to `__chne'
/usr/local/cern/pro/lib/libgraflib.a(hplset.o)(.text+0x3e0): more undefined references to `__chne' follow
/usr/local/cern/pro/lib/libgraflib.a(hplset.o): In function `hplset_':
hplset.o(.text+0x10f2): undefined reference to `__jnint'
/usr/local/cern/pro/lib/libgraflib.a(hpltab.o): In function `hpltab_':
hpltab.o(.text+0x6a0): undefined reference to `__index'
hpltab.o(.text+0x6d3): undefined reference to `__index'
hpltab.o(.text+0x753): undefined reference to `__index'
hpltab.o(.text+0x7d3): undefined reference to `__index'
hpltab.o(.text+0x853): undefined reference to `__index'
/usr/local/cern/pro/lib/libgraflib.a(hpltab.o)(.text+0x8d3): more undefined references to `__index' follow
/usr/local/cern/pro/lib/libgraflib.a(hpltab.o): In function `hpltab_':
hpltab.o(.text+0x3657): undefined reference to `__ftof'
hpltab.o(.text+0x3673): undefined reference to `__ftof'
/usr/local/cern/pro/lib/libgraflib.a(hpltit.o): In function `hpltit_':
hpltit.o(.text+0xf4): undefined reference to `__cheq'
/usr/local/cern/pro/lib/libgraflib.a(hplwir.o): In function `hplwir_':
hplwir.o(.text+0x52d): undefined reference to `__chne'
hplwir.o(.text+0x98b): undefined reference to `__con'
hplwir.o(.text+0x9fa): undefined reference to `__con'
hplwir.o(.text+0xa83): undefined reference to `__con'
hplwir.o(.text+0xaf3): undefined reference to `__con'
hplwir.o(.text+0xb5a): undefined reference to `__con'
/usr/local/cern/pro/lib/libgraflib.a(hplwir.o)(.text+0xbc5): more undefined references to `__con' follow
/usr/local/cern/pro/lib/libgraflib.a(hplwir.o): In function `hplwir_':
hplwir.o(.text+0xc4c): undefined reference to `__ftof'
hplwir.o(.text+0xc6a): undefined reference to `__ftof'
hplwir.o(.text+0xcc4): undefined reference to `__con'
hplwir.o(.text+0xd32): undefined reference to `__con'
hplwir.o(.text+0xd9f): undefined reference to `__con'
hplwir.o(.text+0xe0c): undefined reference to `__con'
hplwir.o(.text+0xe7d): undefined reference to `__con'
/usr/local/cern/pro/lib/libgraflib.a(hplwir.o)(.text+0xf17): more undefined references to `__con' follow
/usr/local/cern/pro/lib/libgraflib.a(hplwir.o): In function `hplwir_':
hplwir.o(.text+0x1bf4): undefined reference to `__ftof'
hplwir.o(.text+0x1c12): undefined reference to `__ftof'
hplwir.o(.text+0x1c5e): undefined reference to `__con'
hplwir.o(.text+0x1cc6): undefined reference to `__con'
hplwir.o(.text+0x1d2d): undefined reference to `__con'
hplwir.o(.text+0x1d95): undefined reference to `__con'
hplwir.o(.text+0x1e02): undefined reference to `__con'
/usr/local/cern/pro/lib/libgraflib.a(hplwir.o)(.text+0x1e8a): more undefined references to `__con' follow
/usr/local/cern/pro/lib/libgraflib.a(hplaxi.o): In function `hplaxi_':
hplaxi.o(.text+0x73b): undefined reference to `__ftof'
hplaxi.o(.text+0x757): undefined reference to `__ftof'
hplaxi.o(.text+0x776): undefined reference to `__ftof'
hplaxi.o(.text+0x792): undefined reference to `__ftof'
hplaxi.o(.text+0x89f): undefined reference to `__con'
hplaxi.o(.text+0x8fd): undefined reference to `__con'
hplaxi.o(.text+0x971): undefined reference to `__con'
hplaxi.o(.text+0xa06): undefined reference to `__con'
hplaxi.o(.text+0xaea): undefined reference to `__con'
/usr/local/cern/pro/lib/libgraflib.a(hplaxi.o)(.text+0xb78): more undefined references to `__con' follow
/usr/local/cern/pro/lib/libgraflib.a(hplaxi.o): In function `hplaxi_':
hplaxi.o(.text+0x17f7): undefined reference to `__ftof'
hplaxi.o(.text+0x1813): undefined reference to `__ftof'
hplaxi.o(.text+0x1832): undefined reference to `__ftof'
hplaxi.o(.text+0x184e): undefined reference to `__ftof'
hplaxi.o(.text+0x195c): undefined reference to `__con'
hplaxi.o(.text+0x19b6): undefined reference to `__con'
hplaxi.o(.text+0x1a1d): undefined reference to `__con'
hplaxi.o(.text+0x1a98): undefined reference to `__con'
hplaxi.o(.text+0x1b74): undefined reference to `__con'
/usr/local/cern/pro/lib/libgraflib.a(hplaxi.o)(.text+0x1be3): more undefined references to `__con' follow
/usr/local/cern/pro/lib/libgraflib.a(hplaer.o): In function `hplaer_':
hplaer.o(.text+0xf1): undefined reference to `__index'
hplaer.o(.text+0xdcb): undefined reference to `__ftof'
hplaer.o(.text+0x121e): undefined reference to `__ftof'
hplaer.o(.text+0x127c): undefined reference to `__ftof'
hplaer.o(.text+0x12e0): undefined reference to `__ftof'
hplaer.o(.text+0x1354): undefined reference to `__ftof'
/usr/local/cern/pro/lib/libgraflib.a(hplc.o)(.text+0x2d4): more undefined references to `__ftof' follow
/usr/local/cern/pro/lib/libgraflib.a(hplc.o): In function `hplc_':
hplc.o(.text+0x41f): undefined reference to `__con'
/usr/local/cern/pro/lib/libgraflib.a(hplf.o): In function `hplf_':
hplf.o(.text+0x11d8): undefined reference to `__ftof'
hplf.o(.text+0x1378): undefined reference to `__ftof'
hplf.o(.text+0x1395): undefined reference to `__ftof'
hplf.o(.text+0x1445): undefined reference to `__ftof'
hplf.o(.text+0x15e0): undefined reference to `__ftof'
/usr/local/cern/pro/lib/libgraflib.a(hplf.o)(.text+0x1638): more undefined references to `__ftof' follow
/usr/local/cern/pro/lib/libgraflib.a(hplh.o): In function `hplh_':
hplh.o(.text+0x1618): undefined reference to `__con'
hplh.o(.text+0x16c2): undefined reference to `__con'
hplh.o(.text+0x17ac): undefined reference to `__con'
hplh.o(.text+0x1b81): undefined reference to `__con'
hplh.o(.text+0x1be1): undefined reference to `__ftof'
hplh.o(.text+0x1c0a): undefined reference to `__ftof'
/usr/local/cern/pro/lib/libgraflib.a(hplive.o): In function `hplive_':
hplive.o(.text+0x385): undefined reference to `__ftof'
/usr/local/cern/pro/lib/libgraflib.a(hplnew.o): In function `hplnew_':
hplnew.o(.text+0x208): undefined reference to `__con'
/usr/local/cern/pro/lib/libgrafX11.a(izpict.o): In function `izpict_':
izpict.o(.text+0x456): undefined reference to `__cheq'
izpict.o(.text+0x472): undefined reference to `__cheq'
izpict.o(.text+0x78a): undefined reference to `__cheq'
izpict.o(.text+0x7a6): undefined reference to `__cheq'
izpict.o(.text+0x8e6): undefined reference to `__con'
izpict.o(.text+0x141e): undefined reference to `__chne'
izpict.o(.text+0x153e): undefined reference to `__chne'
izpict.o(.text+0x1725): undefined reference to `__chne'
izpict.o(.text+0x17be): undefined reference to `__chne'
izpict.o(.text+0x19f0): undefined reference to `__chne'
/usr/local/cern/pro/lib/libgrafX11.a(izpict.o)(.text+0x1b16): more undefined references to `__chne' follow
/usr/local/cern/pro/lib/libgrafX11.a(izpict.o): In function `izpict_':
izpict.o(.text+0x21e5): undefined reference to `__con'
izpict.o(.text+0x2218): undefined reference to `__con'
izpict.o(.text+0x2282): undefined reference to `__con'
izpict.o(.text+0x2466): undefined reference to `__cheq'
/usr/local/cern/pro/lib/libgrafX11.a(igaxis.o): In function `igaxis_':
igaxis.o(.text+0xe56): undefined reference to `__atan2'
igaxis.o(.text+0xfe1): undefined reference to `__sign'
igaxis.o(.text+0x17a3): undefined reference to `__sign'
igaxis.o(.text+0x2a31): undefined reference to `__ftoi'
igaxis.o(.text+0x2a55): undefined reference to `__ftoi'
igaxis.o(.text+0x2dd6): undefined reference to `__ftof'
igaxis.o(.text+0x307f): undefined reference to `__con'
igaxis.o(.text+0x30d0): undefined reference to `__chne'
igaxis.o(.text+0x3119): undefined reference to `__con'
igaxis.o(.text+0x465b): undefined reference to `__ftof'
igaxis.o(.text+0x4fa3): undefined reference to `__ftof'
/usr/local/cern/pro/lib/libgrafX11.a(igerr.o): In function `igerr_':
igerr.o(.text+0x68): undefined reference to `_f_inquire3'
igerr.o(.text+0x198): undefined reference to `__con'
igerr.o(.text+0x1cb): undefined reference to `__con'
igerr.o(.text+0x1f3): undefined reference to `__con'
igerr.o(.text+0x25b): undefined reference to `__con'
/usr/local/cern/pro/lib/libgrafX11.a(ighist.o): In function `ighist_':
ighist.o(.text+0x163): undefined reference to `__index'
ighist.o(.text+0x1a5): undefined reference to `__index'
ighist.o(.text+0x363): undefined reference to `__ftof'
ighist.o(.text+0x37f): undefined reference to `__ftof'
ighist.o(.text+0x45d): undefined reference to `__ftof'
ighist.o(.text+0x479): undefined reference to `__ftof'
ighist.o(.text+0x81a): undefined reference to `__con'
ighist.o(.text+0xdda): undefined reference to `__con'
ighist.o(.text+0x1105): undefined reference to `__cheq'
ighist.o(.text+0x135e): undefined reference to `__con'
ighist.o(.text+0x1852): undefined reference to `__con'
ighist.o(.text+0x1cfa): undefined reference to `__con'
ighist.o(.text+0x224e): undefined reference to `__con'
ighist.o(.text+0x27ee): undefined reference to `__con'
/usr/local/cern/pro/lib/libgrafX11.a(ighist.o)(.text+0x2e32): more undefined references to `__con' follow
/usr/local/cern/pro/lib/libgrafX11.a(igpave.o): In function `igpave_':
igpave.o(.text+0x89): undefined reference to `__chne'
/usr/local/cern/pro/lib/libgrafX11.a(igqwk.o): In function `igqwk_':
igqwk.o(.text+0x5e5): undefined reference to `__ftof'
/usr/local/cern/pro/lib/libgrafX11.a(igrap1.o): In function `igrap1_':
igrap1.o(.text+0xd8e): undefined reference to `__ftoi'
igrap1.o(.text+0xdea): undefined reference to `__ftoi'
igrap1.o(.text+0x10ad): undefined reference to `__sign'
/usr/local/cern/pro/lib/libgrafX11.a(igraph.o): In function `igraph_':
igraph.o(.text+0x19a): undefined reference to `__chne'
igraph.o(.text+0x1c6): undefined reference to `__index'
igraph.o(.text+0x389): undefined reference to `__ftof'
igraph.o(.text+0x3a5): undefined reference to `__ftof'
igraph.o(.text+0x481): undefined reference to `__ftof'
igraph.o(.text+0x49d): undefined reference to `__ftof'
/usr/local/cern/pro/lib/libgrafX11.a(igset.o): In function `igset_':
igset.o(.text+0x6bb): undefined reference to `__jnint'
igset.o(.text+0x6f2): undefined reference to `__jnint'
igset.o(.text+0x2b94): undefined reference to `__asinfacosf'
/usr/local/cern/pro/lib/libgrafX11.a(igtabl.o): In function `igtabl_':
igtabl.o(.text+0x130): undefined reference to `__index'
igtabl.o(.text+0x183): undefined reference to `__index'
igtabl.o(.text+0x1d7): undefined reference to `__index'
igtabl.o(.text+0x22b): undefined reference to `__index'
igtabl.o(.text+0x27f): undefined reference to `__index'
/usr/local/cern/pro/lib/libgrafX11.a(igtabl.o)(.text+0x2d8): more undefined references to `__index' follow
/usr/local/cern/pro/lib/libgrafX11.a(igtabl.o): In function `igtabl_':
igtabl.o(.text+0xf80): undefined reference to `__ftof'
igtabl.o(.text+0xf9d): undefined reference to `__ftof'
igtabl.o(.text+0x1020): undefined reference to `__ftof'
igtabl.o(.text+0x103d): undefined reference to `__ftof'
igtabl.o(.text+0x15a9): undefined reference to `__ftof'
/usr/local/cern/pro/lib/libgrafX11.a(igtabl.o)(.text+0x15e0): more undefined references to `__ftof' follow
/usr/local/cern/pro/lib/libgrafX11.a(igtabl.o): In function `igtabl_':
igtabl.o(.text+0x43c6): undefined reference to `__jnint'
igtabl.o(.text+0x46d8): undefined reference to `__ftof'
igtabl.o(.text+0x4705): undefined reference to `__ftof'
igtabl.o(.text+0x6ae7): undefined reference to `__ftof'
igtabl.o(.text+0x6b16): undefined reference to `__ftof'
igtabl.o(.text+0x7224): undefined reference to `__ftof'
/usr/local/cern/pro/lib/libgrafX11.a(igtabl.o)(.text+0x82ea): more undefined references to `__ftof' follow
/usr/local/cern/pro/lib/libgrafX11.a(igterm.o): In function `igterm_':
igterm.o(.text+0x12d): undefined reference to `__jnint'
igterm.o(.text+0x168): undefined reference to `__jnint'
igterm.o(.text+0x1a3): undefined reference to `__jnint'
igterm.o(.text+0x1de): undefined reference to `__jnint'
/usr/local/cern/pro/lib/libgrafX11.a(igwkty.o): In function `igwkty_':
igwkty.o(.text+0x286): undefined reference to `__index'
igwkty.o(.text+0x304): undefined reference to `__index'
/usr/local/cern/pro/lib/libgrafX11.a(iopks.o): In function `gopks_':
iopks.o(.text+0x1b2): undefined reference to `__con'
iopks.o(.text+0x1f9): undefined reference to `__con'
/usr/local/cern/pro/lib/libgrafX11.a(iopwk.o): In function `gopwk_':
iopwk.o(.text+0x7a2): undefined reference to `__index'
iopwk.o(.text+0x82e): undefined reference to `__index'
/usr/local/cern/pro/lib/libgrafX11.a(ipl.o): In function `gpl_':
ipl.o(.text+0x4e2): undefined reference to `__sign'
ipl.o(.text+0x520): undefined reference to `__sign'
/usr/local/cern/pro/lib/libgrafX11.a(ipm.o): In function `gpm_':
ipm.o(.text+0x3f5): undefined reference to `__jnint'
ipm.o(.text+0x4ed): undefined reference to `__jnint'
ipm.o(.text+0x5ce): undefined reference to `__jnint'
/usr/local/cern/pro/lib/libgrafX11.a(irqst.o): In function `grqst_':
irqst.o(.text+0x563): undefined reference to `__jnint'
irqst.o(.text+0x579): undefined reference to `__jnint'
/usr/local/cern/pro/lib/libgrafX11.a(ischup.o): In function `gschup_':
ischup.o(.text+0x245): undefined reference to `__asinfacosf'
/usr/local/cern/pro/lib/libgrafX11.a(istxfp.o): In function `gstxfp_':
istxfp.o(.text+0x125): undefined reference to `__isign'
/usr/local/cern/pro/lib/libgrafX11.a(ikfntx.o): In function `ikfntx_':
ikfntx.o(.text+0x362): undefined reference to `__cheq'
/usr/local/cern/pro/lib/libgrafX11.a(ikfile.o): In function `ikfile_':
ikfile.o(.text+0x66): undefined reference to `_f_inquire3'
ikfile.o(.text+0x143): undefined reference to `_f_inquire3'
ikfile.o(.text+0x381): undefined reference to `__con'
ikfile.o(.text+0x3db): undefined reference to `_f_inquire3'
/usr/local/cern/pro/lib/libgrafX11.a(izctoi.o): In function `izctoi_':
izctoi.o(.text+0xf4): undefined reference to `__con'
/usr/local/cern/pro/lib/libgrafX11.a(izrtoc.o): In function `izrtoc_':
izrtoc.o(.text+0x232): undefined reference to `__index'
izrtoc.o(.text+0x2ba): undefined reference to `__con'
izrtoc.o(.text+0x31e): undefined reference to `__index'
izrtoc.o(.text+0x3e8): undefined reference to `__con'
/usr/local/cern/pro/lib/libgrafX11.a(izbox.o): In function `izbox_':
izbox.o(.text+0xd3): undefined reference to `__jnint'
izbox.o(.text+0x174): undefined reference to `__jnint'
izbox.o(.text+0x20e): undefined reference to `__jnint'
izbox.o(.text+0x2a8): undefined reference to `__jnint'
izbox.o(.text+0x2f1): undefined reference to `__jnint'
/usr/local/cern/pro/lib/libgrafX11.a(izbox.o)(.text+0x332): more undefined references to `__jnint' follow
/usr/local/cern/pro/lib/libgrafX11.a(izbox.o): In function `izbox_':
izbox.o(.text+0x897): undefined reference to `__con'
izbox.o(.text+0x8ee): undefined reference to `__con'
izbox.o(.text+0x921): undefined reference to `__con'
/usr/local/cern/pro/lib/libgrafX11.a(izclrd.o): In function `izclrd_':
izclrd.o(.text+0x79): undefined reference to `__con'
izclrd.o(.text+0xa1): undefined reference to `__con'
/usr/local/cern/pro/lib/libgrafX11.a(izclrd.o)(.text+0xd4): more undefined references to `__con' follow
/usr/local/cern/pro/lib/libgrafX11.a(izpm.o): In function `izpm_':
izpm.o(.text+0x6b): undefined reference to `__jnint'
izpm.o(.text+0x91): undefined reference to `__jnint'
izpm.o(.text+0xd6): undefined reference to `__con'
izpm.o(.text+0xfe): undefined reference to `__con'
izpm.o(.text+0x138): undefined reference to `__con'
izpm.o(.text+0x167): undefined reference to `__con'
izpm.o(.text+0x19c): undefined reference to `__con'
izpm.o(.text+0x1d6): undefined reference to `__index'
izpm.o(.text+0x20f): undefined reference to `__con'
izpm.o(.text+0x23e): undefined reference to `__con'
izpm.o(.text+0x278): undefined reference to `__con'
izpm.o(.text+0x390): undefined reference to `__jnint'
izpm.o(.text+0x3d3): undefined reference to `__jnint'
izpm.o(.text+0x772): undefined reference to `__jnint'
izpm.o(.text+0x7a3): undefined reference to `__jnint'
izpm.o(.text+0x9a1): undefined reference to `__jnint'
/usr/local/cern/pro/lib/libgrafX11.a(izpm.o)(.text+0x9d8): more undefined references to `__jnint' follow
/usr/local/cern/pro/lib/libgrafX11.a(igaxi2.o): In function `igaxi2_':
igaxi2.o(.text+0xa9): undefined reference to `__index'
/usr/local/cern/pro/lib/libgrafX11.a(igaxi3.o): In function `igaxi3_':
igaxi3.o(.text+0x160): undefined reference to `__ftoi'
igaxi3.o(.text+0x217): undefined reference to `__ftoi'
igaxi3.o(.text+0x2ac): undefined reference to `__ftoi'
igaxi3.o(.text+0x32f): undefined reference to `__ftoi'
/usr/local/cern/pro/lib/libgrafX11.a(iglev.o): In function `iglev_':
iglev.o(.text+0x6c): undefined reference to `__index'
iglev.o(.text+0x233): undefined reference to `__index'
/usr/local/cern/pro/lib/libgrafX11.a(igtab5.o): In function `igtab5_':
igtab5.o(.text+0x69e): undefined reference to `__ftof'
igtab5.o(.text+0x6c1): undefined reference to `__ftof'
igtab5.o(.text+0x9f9): undefined reference to `__ftof'
igtab5.o(.text+0xa13): undefined reference to `__ftof'
igtab5.o(.text+0xc6e): undefined reference to `__ftof'
/usr/local/cern/pro/lib/libgrafX11.a(igtab5.o)(.text+0xc88): more undefined references to `__ftof' follow
/usr/local/cern/pro/lib/libgrafX11.a(ihlumi.o): In function `ihlumi_':
ihlumi.o(.text+0x218): undefined reference to `__ftoi'
/usr/local/cern/pro/lib/libgrafX11.a(ipdef.o): In function `ipdef_':
ipdef.o(.text+0x1a4): undefined reference to `_f_inquire3'
ipdef.o(.text+0xd82): undefined reference to `__ftoi'
ipdef.o(.text+0xe14): undefined reference to `__ftoi'
ipdef.o(.text+0xe3d): undefined reference to `__ftoi'
ipdef.o(.text+0xe6f): undefined reference to `__jnint'
ipdef.o(.text+0xe8c): undefined reference to `__jnint'
ipdef.o(.text+0xedb): undefined reference to `__jnint'
ipdef.o(.text+0xf01): undefined reference to `__jnint'
ipdef.o(.text+0x1186): undefined reference to `__jnint'
/usr/local/cern/pro/lib/libgrafX11.a(ipdef.o)(.text+0x11af): more undefined references to `__jnint' follow
/usr/local/cern/pro/lib/libgrafX11.a(ipdraw.o): In function `ipdraw_':
ipdraw.o(.text+0x7e0): undefined reference to `__isign'
ipdraw.o(.text+0x8b4): undefined reference to `__isign'
/usr/local/cern/pro/lib/libgrafX11.a(ipend.o): In function `ipend_':
ipend.o(.text+0x5d): undefined reference to `__con'
ipend.o(.text+0x85): undefined reference to `__con'
ipend.o(.text+0xb8): undefined reference to `__con'
ipend.o(.text+0x109): undefined reference to `__con'
/usr/local/cern/pro/lib/libgrafX11.a(ipfout.o): In function `ipfout_':
ipfout.o(.text+0xe9): undefined reference to `__con'
/usr/local/cern/pro/lib/libgrafX11.a(ipinit.o)(.text+0x192): more undefined references to `__con' follow
/usr/local/cern/pro/lib/libgrafX11.a(iptext.o): In function `iptext_':
iptext.o(.text+0x1c7): undefined reference to `__jnint'
iptext.o(.text+0x1ff): undefined reference to `__jnint'
iptext.o(.text+0x3aa): undefined reference to `__index'
iptext.o(.text+0x92b): undefined reference to `__cheq'
iptext.o(.text+0x98f): undefined reference to `__cheq'
iptext.o(.text+0xb9c): undefined reference to `__chne'
iptext.o(.text+0x12cc): undefined reference to `__jnint'
iptext.o(.text+0x12e8): undefined reference to `__jnint'
iptext.o(.text+0x1353): undefined reference to `__jnint'
iptext.o(.text+0x1378): undefined reference to `__jnint'
iptext.o(.text+0x15b2): undefined reference to `__index'
iptext.o(.text+0x1b06): undefined reference to `__jnint'
iptext.o(.text+0x2835): undefined reference to `__jnint'
iptext.o(.text+0x295d): undefined reference to `__jnint'
/usr/local/cern/pro/lib/libgrafX11.a(iptlin.o): In function `iptlin_':
iptlin.o(.text+0x5b): undefined reference to `__con'
iptlin.o(.text+0x98): undefined reference to `__index'
iptlin.o(.text+0xe6): undefined reference to `__index'
iptlin.o(.text+0x104): undefined reference to `__index'
iptlin.o(.text+0x172): undefined reference to `__index'
/usr/local/cern/pro/lib/libgrafX11.a(iptmac.o): In function `iptmac_':
iptmac.o(.text+0x82): undefined reference to `__con'
iptmac.o(.text+0xbd): undefined reference to `__con'
iptmac.o(.text+0xed): undefined reference to `__con'
iptmac.o(.text+0x120): undefined reference to `__con'
iptmac.o(.text+0x172): undefined reference to `__con'
/usr/local/cern/pro/lib/libgrafX11.a(iptmac.o)(.text+0x1a7): more undefined references to `__con' follow
/usr/local/cern/pro/lib/libgrafX11.a(ipttex.o): In function `ipttex_':
ipttex.o(.text+0x10a): undefined reference to `__jnint'
ipttex.o(.text+0x144): undefined reference to `__jnint'
ipttex.o(.text+0x192): undefined reference to `__con'
ipttex.o(.text+0x1c5): undefined reference to `__con'
ipttex.o(.text+0x32d): undefined reference to `__con'
ipttex.o(.text+0x368): undefined reference to `__con'
ipttex.o(.text+0x396): undefined reference to `__con'
ipttex.o(.text+0x4d3): undefined reference to `__char'
ipttex.o(.text+0x645): undefined reference to `__index'
ipttex.o(.text+0x6cd): undefined reference to `__con'
ipttex.o(.text+0x709): undefined reference to `__con'
ipttex.o(.text+0x796): undefined reference to `__con'
ipttex.o(.text+0xa5a): undefined reference to `__con'
ipttex.o(.text+0xa99): undefined reference to `__index'
ipttex.o(.text+0xad3): undefined reference to `__con'
/usr/local/cern/pro/lib/libgrafX11.a(ipdlin.o): In function `ipdlin_':
ipdlin.o(.text+0xcc): undefined reference to `__isign'
ipdlin.o(.text+0xe3): undefined reference to `__isign'
ipdlin.o(.text+0xfa): undefined reference to `__isign'
ipdlin.o(.text+0x114): undefined reference to `__isign'
/usr/local/cern/pro/lib/libpacklib.a(hlabeq.o): In function `hlabeq_':
hlabeq.o(.text+0x19): undefined reference to `s_copy'
hlabeq.o(.text+0x38): undefined reference to `i_indx'
hlabeq.o(.text+0x53): undefined reference to `i_indx'
/usr/local/cern/pro/lib/libpacklib.a(hlgnxt.o): In function `hlgnxt_':
hlgnxt.o(.text+0x152): undefined reference to `s_copy'
/usr/local/cern/pro/lib/libpacklib.a(hstaf.o): In function `hstaf_':
hstaf.o(.text+0x13): undefined reference to `s_copy'
hstaf.o(.text+0x32): undefined reference to `i_indx'
/usr/local/cern/pro/lib/libpacklib.a(huoptc.o): In function `huoptc_':
huoptc.o(.text+0x1f): undefined reference to `s_copy'
/usr/local/cern/pro/lib/libpacklib.a(hoptpf.o): In function `hoptpf_':
hoptpf.o(.text+0x13): undefined reference to `s_wsfi'
hoptpf.o(.text+0x24): undefined reference to `do_fio'
hoptpf.o(.text+0x52): undefined reference to `do_fio'
hoptpf.o(.text+0x63): undefined reference to `e_wsfi'
/usr/local/cern/pro/lib/libpacklib.a(dzshow.o): In function `dzshow_':
dzshow.o(.text+0x1e): undefined reference to `s_copy'
dzshow.o(.text+0x39): undefined reference to `s_cmp'
dzshow.o(.text+0x5d): undefined reference to `s_copy'
dzshow.o(.text+0x70): undefined reference to `s_copy'
dzshow.o(.text+0x81): undefined reference to `s_copy'
dzshow.o(.text+0x94): undefined reference to `s_copy'
dzshow.o(.text+0xab): undefined reference to `s_copy'
/usr/local/cern/pro/lib/libpacklib.a(dzshow.o)(.text+0x21c): more undefined references to `s_copy' follow
/usr/local/cern/pro/lib/libpacklib.a(dzshow.o): In function `dzshow_':
dzshow.o(.text+0x230): undefined reference to `s_wsfi'
dzshow.o(.text+0x241): undefined reference to `do_fio'
dzshow.o(.text+0x255): undefined reference to `do_fio'
dzshow.o(.text+0x266): undefined reference to `do_fio'
dzshow.o(.text+0x282): undefined reference to `do_fio'
dzshow.o(.text+0x28a): undefined reference to `e_wsfi'
dzshow.o(.text+0x2a3): undefined reference to `s_copy'
dzshow.o(.text+0x325): undefined reference to `s_wsfi'
dzshow.o(.text+0x336): undefined reference to `do_fio'
dzshow.o(.text+0x347): undefined reference to `do_fio'
dzshow.o(.text+0x34c): undefined reference to `e_wsfi'
dzshow.o(.text+0x39b): undefined reference to `s_wsfi'
dzshow.o(.text+0x3ac): undefined reference to `do_fio'
dzshow.o(.text+0x3b1): undefined reference to `e_wsfi'
/usr/local/cern/pro/lib/libpacklib.a(mzdiv.o): In function `mzdiv_':
mzdiv.o(.text+0x1b5): undefined reference to `s_wsfe'
mzdiv.o(.text+0x1c6): undefined reference to `do_fio'
mzdiv.o(.text+0x1d7): undefined reference to `do_fio'
mzdiv.o(.text+0x1e8): undefined reference to `do_fio'
mzdiv.o(.text+0x1fc): undefined reference to `do_fio'
mzdiv.o(.text+0x20d): undefined reference to `do_fio'
/usr/local/cern/pro/lib/libpacklib.a(mzdiv.o)(.text+0x21e): more undefined references to `do_fio' follow
/usr/local/cern/pro/lib/libpacklib.a(mzdiv.o): In function `mzdiv_':
mzdiv.o(.text+0x226): undefined reference to `e_wsfe'
mzdiv.o(.text+0x6c1): undefined reference to `s_wsfe'
mzdiv.o(.text+0x6d2): undefined reference to `do_fio'
mzdiv.o(.text+0x6d7): undefined reference to `e_wsfe'
/usr/local/cern/pro/lib/libpacklib.a(rzcdir.o): In function `rzcdir_':
rzcdir.o(.text+0x5b): undefined reference to `s_copy'
rzcdir.o(.text+0x134): undefined reference to `s_wsfe'
rzcdir.o(.text+0x153): undefined reference to `do_fio'
rzcdir.o(.text+0x15b): undefined reference to `e_wsfe'
rzcdir.o(.text+0x2dd): undefined reference to `s_copy'
/usr/local/cern/pro/lib/libpacklib.a(rzfdir.o): In function `rzfdir_':
rzfdir.o(.text+0x19): undefined reference to `i_indx'
rzfdir.o(.text+0x62): undefined reference to `s_copy'
rzfdir.o(.text+0x76a): undefined reference to `s_wsfe'
rzfdir.o(.text+0x77c): undefined reference to `do_fio'
rzfdir.o(.text+0x79b): undefined reference to `do_fio'
rzfdir.o(.text+0x7a3): undefined reference to `e_wsfe'
/usr/local/cern/pro/lib/libpacklib.a(rziodo.o): In function `rziodo_':
rziodo.o(.text+0x14b): undefined reference to `s_rdue'
rziodo.o(.text+0x16f): undefined reference to `do_uio'
rziodo.o(.text+0x180): undefined reference to `e_rdue'
rziodo.o(.text+0x266): undefined reference to `s_wdue'
rziodo.o(.text+0x28e): undefined reference to `do_uio'
rziodo.o(.text+0x2a3): undefined reference to `e_wdue'
rziodo.o(.text+0x381): undefined reference to `s_wsfe'
rziodo.o(.text+0x392): undefined reference to `do_fio'
rziodo.o(.text+0x39f): undefined reference to `do_fio'
rziodo.o(.text+0x3b0): undefined reference to `do_fio'
rziodo.o(.text+0x3b8): undefined reference to `e_wsfe'
/usr/local/cern/pro/lib/libpacklib.a(rzout.o): In function `rzout_':
rzout.o(.text+0x183): undefined reference to `s_wsfe'
rzout.o(.text+0x188): undefined reference to `e_wsfe'
rzout.o(.text+0x5db): undefined reference to `s_wsfe'
rzout.o(.text+0x5e0): undefined reference to `e_wsfe'
rzout.o(.text+0x5f4): undefined reference to `s_wsfe'
rzout.o(.text+0x605): undefined reference to `do_fio'
rzout.o(.text+0x60a): undefined reference to `e_wsfe'
rzout.o(.text+0x61e): undefined reference to `s_wsfe'
rzout.o(.text+0x623): undefined reference to `e_wsfe'
rzout.o(.text+0x937): undefined reference to `s_wsfe'
rzout.o(.text+0x948): undefined reference to `do_fio'
rzout.o(.text+0x959): undefined reference to `do_fio'
rzout.o(.text+0x96a): undefined reference to `do_fio'
rzout.o(.text+0x97e): undefined reference to `do_fio'
rzout.o(.text+0x983): undefined reference to `e_wsfe'
rzout.o(.text+0x9b1): undefined reference to `s_wsfe'
rzout.o(.text+0x9be): undefined reference to `do_fio'
rzout.o(.text+0x9c3): undefined reference to `e_wsfe'
rzout.o(.text+0xa7d): undefined reference to `s_wsfe'
rzout.o(.text+0xa82): undefined reference to `e_wsfe'
rzout.o(.text+0xbbd): undefined reference to `s_wsfe'
rzout.o(.text+0xbc2): undefined reference to `e_wsfe'
rzout.o(.text+0xc33): undefined reference to `s_wsfe'
rzout.o(.text+0xc44): undefined reference to `do_fio'
rzout.o(.text+0xc55): undefined reference to `do_fio'
rzout.o(.text+0xc5a): undefined reference to `e_wsfe'
/usr/local/cern/pro/lib/libpacklib.a(rzpaff.o): In function `rzpaff_':
rzpaff.o(.text+0x79): undefined reference to `s_cat'
rzpaff.o(.text+0x9b): undefined reference to `s_copy'
rzpaff.o(.text+0xf6): undefined reference to `s_copy'
rzpaff.o(.text+0x197): undefined reference to `s_cat'
rzpaff.o(.text+0x1a8): undefined reference to `s_copy'
/usr/local/cern/pro/lib/libpacklib.a(rzpath.o): In function `rzpath_':
rzpath.o(.text+0x47): undefined reference to `s_cmp'
rzpath.o(.text+0x9d): undefined reference to `s_copy'
rzpath.o(.text+0xde): undefined reference to `s_cmp'
rzpath.o(.text+0x120): undefined reference to `s_copy'
rzpath.o(.text+0x147): undefined reference to `s_cmp'
rzpath.o(.text+0x185): undefined reference to `s_cmp'
rzpath.o(.text+0x1c8): undefined reference to `s_copy'
rzpath.o(.text+0x22c): undefined reference to `s_copy'
rzpath.o(.text+0x255): undefined reference to `s_cmp'
rzpath.o(.text+0x277): undefined reference to `s_cmp'
rzpath.o(.text+0x29f): undefined reference to `s_copy'
rzpath.o(.text+0x2df): undefined reference to `s_cmp'
rzpath.o(.text+0x304): undefined reference to `s_cmp'
rzpath.o(.text+0x366): undefined reference to `s_cmp'
rzpath.o(.text+0x39b): undefined reference to `s_cmp'
rzpath.o(.text+0x3bf): undefined reference to `s_cmp'
rzpath.o(.text+0x3f6): undefined reference to `s_copy'
rzpath.o(.text+0x46d): undefined reference to `s_copy'
rzpath.o(.text+0x4b1): undefined reference to `s_copy'
rzpath.o(.text+0x539): undefined reference to `s_cmp'
rzpath.o(.text+0x582): undefined reference to `s_cmp'
rzpath.o(.text+0x5b4): undefined reference to `s_copy'
rzpath.o(.text+0x602): undefined reference to `s_copy'
rzpath.o(.text+0x626): undefined reference to `s_cmp'
rzpath.o(.text+0x66c): undefined reference to `s_copy'
/usr/local/cern/pro/lib/libpacklib.a(rzstrir.o): In function `rzstrir_':
rzstrir.o(.text+0x79): undefined reference to `f_clos'
rzstrir.o(.text+0x181): undefined reference to `f_open'
/usr/local/cern/pro/lib/libpacklib.a(getenvf.o): In function `getenvf_':
getenvf.o(.text+0x12): undefined reference to `G77_lnblnk_0'
/usr/local/cern/pro/lib/libpacklib.a(cfopen.o): In function `cfopen_':
cfopen.o(.text+0x15): undefined reference to `G77_lnblnk_0'
cfopen.o(.text+0x28): undefined reference to `s_copy'
cfopen.o(.text+0x59): undefined reference to `i_indx'
cfopen.o(.text+0x7d): undefined reference to `i_indx'
cfopen.o(.text+0xae): undefined reference to `i_indx'
cfopen.o(.text+0xd1): undefined reference to `i_indx'
cfopen.o(.text+0xf5): undefined reference to `i_indx'
/usr/local/cern/pro/lib/libpacklib.a(cltou.o): In function `cltou_':
cltou.o(.text+0x62): undefined reference to `s_copy'
/usr/local/cern/pro/lib/libpacklib.a(cutol.o): In function `cutol_':
cutol.o(.text+0x62): undefined reference to `s_copy'
/usr/local/cern/pro/lib/libpacklib.a(icfmul.o): In function `icfmul_':
icfmul.o(.text+0x3a): undefined reference to `i_indx'
/usr/local/cern/pro/lib/libpacklib.a(rzallo.o): In function `rzallo_':
rzallo.o(.text+0x14f): undefined reference to `s_wsfe'
rzallo.o(.text+0x15f): undefined reference to `do_fio'
rzallo.o(.text+0x164): undefined reference to `e_wsfe'
rzallo.o(.text+0x1e9): undefined reference to `s_wsfe'
rzallo.o(.text+0x1f9): undefined reference to `do_fio'
rzallo.o(.text+0x209): undefined reference to `do_fio'
rzallo.o(.text+0x20e): undefined reference to `e_wsfe'
/usr/local/cern/pro/lib/libpacklib.a(rzdelk.o): In function `rzdelk_':
rzdelk.o(.text+0x1987): undefined reference to `s_wsfe'
rzdelk.o(.text+0x198c): undefined reference to `e_wsfe'
rzdelk.o(.text+0x19e7): undefined reference to `s_wsfe'
rzdelk.o(.text+0x19ec): undefined reference to `e_wsfe'
rzdelk.o(.text+0x1a47): undefined reference to `s_wsfe'
rzdelk.o(.text+0x1a4c): undefined reference to `e_wsfe'
/usr/local/cern/pro/lib/libpacklib.a(rzmods.o): In function `rzmods_':
rzmods.o(.text+0x12d): undefined reference to `s_wsfe'
rzmods.o(.text+0x13d): undefined reference to `do_fio'
rzmods.o(.text+0x142): undefined reference to `e_wsfe'
rzmods.o(.text+0x156): undefined reference to `s_wsle'
rzmods.o(.text+0x16c): undefined reference to `do_lio'
rzmods.o(.text+0x189): undefined reference to `do_lio'
rzmods.o(.text+0x19f): undefined reference to `do_lio'
rzmods.o(.text+0x1a7): undefined reference to `e_wsle'
/usr/local/cern/pro/lib/libpacklib.a(rzstrip.o): In function `rzstrip_':
rzstrip.o(.text+0x2d): undefined reference to `f_open'
rzstrip.o(.text+0x37): undefined reference to `s_rsfe'
rzstrip.o(.text+0x51): undefined reference to `do_fio'
rzstrip.o(.text+0x5f): undefined reference to `e_rsfe'
rzstrip.o(.text+0x82): undefined reference to `s_cmp'
rzstrip.o(.text+0x97): undefined reference to `s_rsle'
rzstrip.o(.text+0xb2): undefined reference to `do_lio'
rzstrip.o(.text+0xd1): undefined reference to `do_lio'
rzstrip.o(.text+0xef): undefined reference to `do_lio'
rzstrip.o(.text+0x10e): undefined reference to `do_lio'
rzstrip.o(.text+0x11c): undefined reference to `e_rsle'
rzstrip.o(.text+0x176): undefined reference to `s_rsfe'
rzstrip.o(.text+0x191): undefined reference to `do_fio'
rzstrip.o(.text+0x19d): undefined reference to `e_rsfe'
rzstrip.o(.text+0x1b9): undefined reference to `i_indx'
rzstrip.o(.text+0x1ed): undefined reference to `s_copy'
rzstrip.o(.text+0x214): undefined reference to `s_copy'
rzstrip.o(.text+0x22a): undefined reference to `f_clos'
/usr/local/cern/pro/lib/libpacklib.a(rzwrt.o): In function `rzwrt_':
rzwrt.o(.text+0x50c): undefined reference to `s_wsfe'
rzwrt.o(.text+0x511): undefined reference to `e_wsfe'
collect2: ld returned 1 exit status
make[1]: *** [phase] Error 1
make[1]: Leaving directory `/home/pss060/sls/flechsig/phase/src/phase'
make: *** [all] Error 2
